# JRE version: Java(TM) SE Runtime Environment (18.0+36) (build 18+36-2087)
# Java VM: Java HotSpot(TM) 64-Bit Server VM (18+36-2087, mixed mode, sharing, tiered, compressed oops, compressed class ptrs, g1 gc, linux-amd64)
GC Precious Log:
 CardTable entry size: 512
 Card Set container configuration: InlinePtr #cards 5 size 8 Array Of Cards #cards 12 size 40 Howl #buckets 4 coarsen threshold 1843 Howl Bitmap #cards 512 size 80 coarsen threshold 460 Card regions per heap region 1 cards per card region 2048
 CPUs: 4 total, 4 available
 Memory: 5938M
 Large Page Support: Disabled
 NUMA Support: Disabled
 Compressed Oops: Enabled (32-bit)
 Heap Region Size: 1M
 Heap Min Capacity: 8M
 Heap Initial Capacity: 94M
 Heap Max Capacity: 1486M
 Pre-touch: Disabled
 Parallel Workers: 4
 Concurrent Workers: 1
 Concurrent Refinement Workers: 4
 Periodic GC: Disabled
Heap:
 garbage-first heap   total 98304K, used 60441K [0x00000000a3200000, 0x0000000100000000)
  region size 1024K, 53 young (54272K), 4 survivors (4096K)
 Metaspace       used 14807K, committed 15104K, reserved 1114112K
  class space    used 1619K, committed 1792K, reserved 1048576K
GC Heap History (7 events):
Event: 1,065 GC heap before
{Heap before GC invocations=0 (full 0):
 garbage-first heap   total 98304K, used 14252K [0x00000000a3200000, 0x0000000100000000)
  region size 1024K, 13 young (13312K), 0 survivors (0K)
 Metaspace       used 4612K, committed 4736K, reserved 1114112K
  class space    used 494K, committed 576K, reserved 1048576K
}
Event: 1,085 GC heap after
{Heap after GC invocations=1 (full 0):
 garbage-first heap   total 98304K, used 4012K [0x00000000a3200000, 0x0000000100000000)
  region size 1024K, 2 young (2048K), 2 survivors (2048K)
 Metaspace       used 4612K, committed 4736K, reserved 1114112K
  class space    used 494K, committed 576K, reserved 1048576K
}
Event: 1,474 GC heap before
{Heap before GC invocations=1 (full 0):
 garbage-first heap   total 98304K, used 19372K [0x00000000a3200000, 0x0000000100000000)
  region size 1024K, 17 young (17408K), 2 survivors (2048K)
 Metaspace       used 6559K, committed 6784K, reserved 1114112K
  class space    used 743K, committed 832K, reserved 1048576K
}
Event: 1,484 GC heap after
{Heap after GC invocations=2 (full 0):
 garbage-first heap   total 98304K, used 5409K [0x00000000a3200000, 0x0000000100000000)
  region size 1024K, 2 young (2048K), 2 survivors (2048K)
 Metaspace       used 6559K, committed 6784K, reserved 1114112K
  class space    used 743K, committed 832K, reserved 1048576K
}
Event: 3,530 GC heap before
{Heap before GC invocations=2 (full 0):
 garbage-first heap   total 98304K, used 59681K [0x00000000a3200000, 0x0000000100000000)
  region size 1024K, 56 young (57344K), 2 survivors (2048K)
 Metaspace       used 13368K, committed 13632K, reserved 1114112K
  class space    used 1504K, committed 1600K, reserved 1048576K
}
Event: 3,552 GC heap after
{Heap after GC invocations=3 (full 0):
 garbage-first heap   total 98304K, used 10265K [0x00000000a3200000, 0x0000000100000000)
  region size 1024K, 7 young (7168K), 7 survivors (7168K)
 Metaspace       used 13368K, committed 13632K, reserved 1114112K
  class space    used 1504K, committed 1600K, reserved 1048576K
}
Event: 5,623 GC heap before
{Heap before GC invocations=3 (full 0):
 garbage-first heap   total 98304K, used 60441K [0x00000000a3200000, 0x0000000100000000)
  region size 1024K, 56 young (57344K), 7 survivors (7168K)
 Metaspace       used 14807K, committed 15104K, reserved 1114112K
  class space    used 1619K, committed 1792K, reserved 1048576K
}

